make all --print-data-base --no-builtin-variables --no-builtin-rules --question
# GNU Make 4.2.1
# Built for x86_64-pc-linux-gnu
# Copyright (C) 1988-2016 Free Software Foundation, Inc.
# License GPLv3+: GNU GPL version 3 or later <http://gnu.org/licenses/gpl.html>
# This is free software: you are free to change and redistribute it.
# There is NO WARRANTY, to the extent permitted by law.

# Make data base, printed on Fri Apr 29 06:26:16 2022

# Variables

# 'override' directive
GNUMAKEFLAGS := 
# automatic
<D = $(patsubst %/,%,$(dir $<))
# automatic
?F = $(notdir $?)
# environment
DESKTOP_SESSION = ubuntu
# default
.SHELLFLAGS := -c
# makefile (from 'Makefile', line 23)
OBJ = $(SRC:$(SRCDIR)/%$(EXT)=$(OBJDIR)/%.o)
# environment
XDG_SESSION_CLASS = user
# makefile (from 'Makefile', line 22)
SRC = $(wildcard $(SRCDIR)/*$(EXT))
# environment
XDG_SESSION_TYPE = x11
# environment
VSCODE_LOG_NATIVE = false
# automatic
?D = $(patsubst %/,%,$(dir $?))
# environment
IM_CONFIG_PHASE = 1
# automatic
@D = $(patsubst %/,%,$(dir $@))
# environment
XAUTHORITY = /run/user/1000/gdm/Xauthority
# environment
GDMSESSION = ubuntu
# environment
XMODIFIERS = @im=ibus
# makefile
CURDIR := /home/osboxes/Documents/GitHub/Game-Project2022
# makefile
SHELL = /bin/sh
# makefile (from 'Makefile', line 26)
RM = rm
# environment
VSCODE_NLS_CONFIG = {"locale":"en-us","availableLanguages":{},"_languagePackSupport":true}
# environment
_ = /usr/bin/dbus-update-activation-environment
# environment
JOURNAL_STREAM = 8:35599
# environment
XDG_CONFIG_DIRS = /etc/xdg/xdg-ubuntu:/etc/xdg
# makefile (from 'Makefile', line 1)
MAKEFILE_LIST :=  Makefile
# automatic
@F = $(notdir $@)
# environment
GIO_LAUNCHED_DESKTOP_FILE = /usr/share/applications/github-desktop.desktop
# environment
USERNAME = osboxes
# makefile (from 'Makefile', line 7)
CXXFLAGS = -std=c11 -Wall -g
# environment
XDG_DATA_DIRS = /usr/share/ubuntu:/usr/local/share/:/usr/share/:/var/lib/snapd/desktop
# environment
DBUS_SESSION_BUS_ADDRESS = unix:path=/run/user/1000/bus
# environment
VSCODE_VERBOSE_LOGGING = true
# makefile (from 'Makefile', line 29)
DEL = del
# environment
MANAGERPID = 1376
# environment
VSCODE_IPC_HOOK_EXTHOST = /run/user/1000/vscode-ipc-0e3dfeeb-f2f2-480c-8254-31cbd5ae79b3.sock
# environment
VSCODE_CWD = /home/osboxes
# default
MAKE_HOST := x86_64-pc-linux-gnu
# environment
PATH = /usr/local/sbin:/usr/local/bin:/usr/sbin:/usr/bin:/sbin:/bin:/usr/games:/usr/local/games:/snap/bin
# environment
GPG_AGENT_INFO = /run/user/1000/gnupg/S.gpg-agent:0:1
# makefile (from 'Makefile', line 24)
DEP = $(OBJ:$(OBJDIR)/%.o=%.d)
# environment
SESSION_MANAGER = local/osboxes:@/tmp/.ICE-unix/1629,unix/osboxes:/tmp/.ICE-unix/1629
# environment
XDG_RUNTIME_DIR = /run/user/1000
# environment
XDG_MENU_PREFIX = gnome-
# environment
VSCODE_LOG_STACK = false
# environment
VSCODE_CRASH_REPORTER_START_OPTIONS = {"companyName":"Microsoft","productName":"VSCode","submitURL":"appcenter://code?aid=fba07a4d-84bd-4fc8-a125-9640fc8ce171&uid=b4b7d0f0-2d78-4271-ba69-dd8de35921a0&iid=b4b7d0f0-2d78-4271-ba69-dd8de35921a0&sid=b4b7d0f0-2d78-4271-ba69-dd8de35921a0","uploadToServer":true}
# environment
INVOCATION_ID = 9afdd7ab20b14e258e1d1cf5c0dfafaa
# makefile (from 'Makefile', line 8)
LDFLAGS = -lSDL -lSDL_ttf -lSDL_image -lSDL_mixer -lm -lsmpeg
# default
.FEATURES := target-specific order-only second-expansion else-if shortest-stem undefine oneshell archives jobserver output-sync check-symlink load
# environment
XDG_SESSION_DESKTOP = ubuntu
# environment
SSH_AUTH_SOCK = /run/user/1000/keyring/ssh
# environment
GIO_LAUNCHED_DESKTOP_FILE_PID = 2201
# automatic
%F = $(notdir $%)
# environment
DISPLAY = :0
# makefile (from 'Makefile', line 13)
SRCDIR = game
# environment
VSCODE_PIPE_LOGGING = true
# environment
PWD = /home/osboxes/Documents/GitHub/Game-Project2022
# default
.LOADED := 
# environment
SSH_AGENT_PID = 1586
# environment
ORIGINAL_XDG_CURRENT_DESKTOP = Unity
# environment
GTK_MODULES = gail:atk-bridge
# environment
VSCODE_AMD_ENTRYPOINT = vs/workbench/services/extensions/node/extensionHostProcess
# environment
HOME = /home/osboxes
# environment
VSCODE_CLI = 1
# environment
VSCODE_CODE_CACHE_PATH = /home/osboxes/.config/Code/CachedData/d6ee99e4c045a6716e5c653d7da8e9ae6f5a8b03
# environment
LOGNAME = osboxes
# environment
APPLICATION_INSIGHTS_NO_DIAGNOSTIC_CHANNEL = 1
# makefile (from 'Makefile', line 27)
DELOBJ = $(OBJ)
# environment
ELECTRON_NO_ATTACH_CONSOLE = 1
# environment
VSCODE_HANDLES_UNCAUGHT_ERRORS = true
# environment
GNOME_DESKTOP_SESSION_ID = this-is-deprecated
# automatic
^D = $(patsubst %/,%,$(dir $^))
# environment
MAKELEVEL := 0
# default
MAKE = $(MAKE_COMMAND)
# default
MAKECMDGOALS := all
# environment
QT_IM_MODULE = ibus
# environment
SHLVL = 0
# environment
LOCAL_GIT_DIRECTORY = /usr/lib/github-desktop/resources/app/git
# makefile (from 'Makefile', line 6)
CC = gcc
# environment
GNOME_SHELL_SESSION_MODE = ubuntu
# default
MAKE_VERSION := 4.2.1
# environment
USER = osboxes
# makefile
.DEFAULT_GOAL := all
# environment
XDG_CURRENT_DESKTOP = Unity
# automatic
%D = $(patsubst %/,%,$(dir $%))
# default
MAKE_COMMAND := make
# default
.VARIABLES := 
# automatic
*F = $(notdir $*)
# environment
VSCODE_IPC_HOOK = /run/user/1000/vscode-d353e8ce-1.64.1-main.sock
# makefile (from 'Makefile', line 12)
EXT = .c
# makefile
MAKEFLAGS = pqrR
# environment
MFLAGS = -pqrR
# automatic
*D = $(patsubst %/,%,$(dir $*))
# environment
BREAKPAD_DUMP_LOCATION = /home/osboxes/.config/Code/exthost Crash Reports
# automatic
+D = $(patsubst %/,%,$(dir $+))
# environment
GDK_BACKEND = x11
# automatic
+F = $(notdir $+)
# makefile (from 'Makefile', line 11)
APPNAME = book
# environment
QT_ACCESSIBILITY = 1
# default
MAKEFILES := 
# automatic
<F = $(notdir $<)
# environment
ELECTRON_RUN_AS_NODE = 1
# makefile (from 'Makefile', line 14)
OBJDIR = obj
# environment
LC_ALL = C
# makefile (from 'Makefile', line 31)
WDELOBJ = $(SRC:$(SRCDIR)/%$(EXT)=$(OBJDIR)\\%.o)
# environment
GJS_DEBUG_TOPICS = JS ERROR;JS LOG
# automatic
^F = $(notdir $^)
# default
SUFFIXES := 
# environment
CHROME_DESKTOP = code-url-handler.desktop
# environment
WINDOWPATH = 2
# default
.INCLUDE_DIRS = /usr/include /usr/local/include /usr/include
# environment
GJS_DEBUG_OUTPUT = stderr
# default
.RECIPEPREFIX := 
# makefile (from 'Makefile', line 30)
EXE = .exe
# environment
LANG = C
# environment
VSCODE_PID = 4178
# variable set hash-table stats:
# Load=114/1024=11%, Rehash=0, Collisions=27/156=17%

# Pattern-specific Variable Values

# No pattern-specific variable values.

# Directories

# . (device 2051, inode 2755542): 20 files, no impossibilities.
# game (device 2051, inode 2883661): 22 files, no impossibilities.

# 42 files, no impossibilities in 2 directories.

# Implicit Rules

obj/%.o: game/%.c
#  recipe to execute (from 'Makefile', line 45):
	-mkdir obj
	$(CC) $(CXXFLAGS) -o $@ -c $<

# 1 implicit rules, 0 (0.0%) terminal.

# Files

# Not a target:
obj/game.o:
#  Implicit rule search has not been done.
#  Modification time never checked.
#  File has not been updated.

# Not a target:
obj/text.o:
#  Implicit rule search has not been done.
#  Modification time never checked.
#  File has not been updated.

# Not a target:
obj/sound.o:
#  Implicit rule search has not been done.
 
#  Modification time never checked.
#  File has not been updated.

book: obj/background.o obj/enigme.o obj/sound.o obj/init.o obj/character.o obj/config.o obj/game.o obj/animation.o obj/event.o obj/main.o obj/collision.o obj/menu.o obj/enemy.o obj/minimap.o obj/image.o obj/text.o obj/intro.o
#  Implicit rule search has not been done.
#  Last modified 2022-03-21 11:12:22.835278181
#  File has been updated.
#  Needs to be updated (-q is set).
# variable set hash-table stats:
# Load=0/32=0%, Rehash=0, Collisions=0/5=0%
#  recipe to execute (from 'Makefile', line 41):
	$(CC) $(CXXFLAGS) -o $@ $^ $(LDFLAGS)

all: book
#  Command line target.
#  Implicit rule search has been done.
#  File does not exist.
#  File has been updated.
#  Needs to be updated (-q is set).
# variable set hash-table stats:
# Load=0/32=0%, Rehash=0, Collisions=0/5=0%

.PHONY: clean cleandep cleanw cleandepw
#  Implicit rule search has not been done.
#  Modification time never checked.
#  File has not been updated.

# Not a target:
game/background.c:
#  Implicit rule search has been done.
#  Last modified 2022-04-29 06:23:12.029879042
#  File has been updated.
#  Successfully updated.

# Not a target:
obj/intro.o:
#  Implicit rule search has not been done.
#  Modification time never checked.
#  File has not been updated.

# Not a target:
obj/collision.o:
#  Implicit rule search has not been done.
#  Modification time never checked.
#  File has not been updated.

# Not a target:
obj/main.o:
#  Implicit rule search has not been done.
#  Modification time never checked.
#  File has not been updated.

# Not a target:
Makefile:
#  Implicit rule search has been done.
#  Last modified 2022-04-11 14:39:25.814998009
#  File has been updated.
#  Successfully updated.

# Not a target:
obj/minimap.o:
#  Implicit rule search has not been done.
#  Modification time never checked.
#  File has not been updated.

# Not a target:
obj/animation.o:
#  Implicit rule search has not been done.
#  Modification time never checked.
#  File has not been updated.

# Not a target:
obj/menu.o:
#  Implicit rule search has not been done.
#  Modification time never checked.
#  File has not been updated.

cleanw:
#  Phony target (prerequisite of .PHONY).
#  Implicit rule search has not been done.
#  File does not exist.
#  File has not been updated.
#  recipe to execute (from 'Makefile', line 64):
	$(DEL) $(WDELOBJ) $(DEP) $(APPNAME)$(EXE)

# Not a target:
obj/enigme.o:
#  Implicit rule search has not been done.
#  Modification time never checked.
#  File has not been updated.

# Not a target:
.DEFAULT:
#  Implicit rule search has not been done.
#  Modification time never checked.
#  File has not been updated.

# Not a target:
obj/image.o:
#  Implicit rule search has not been done.
#  Modification time never checked.
#  File has not been updated.

cleandep:
#  Phony target (prerequisite of .PHONY).
#  Implicit rule search has not been done.
#  File does not exist.
#  File has not been updated.
#  recipe to execute (from 'Makefile', line 58):
	$(RM) $(DEP)

cleandepw:
#  Phony target (prerequisite of .PHONY).
#  Implicit rule search has not been done.
#  File does not exist.
#  File has not been updated.
#  recipe to execute (from 'Makefile', line 69):
	$(DEL) $(DEP)

obj/background.o: game/background.c
#  Implicit rule search has been done.
#  Implicit/static pattern stem: 'background'
#  File does not exist.
#  File has been updated.
#  Needs to be updated (-q is set).
# automatic
# @ := obj/background.o
# automatic
# % := 
# automatic
# * := background
# automatic
# + := game/background.c
# automatic
# | := 
# automatic
# < := game/background.c
# automatic
# ^ := game/background.c
# automatic
# ? := game/background.c
# variable set hash-table stats:
# Load=8/32=25%, Rehash=0, Collisions=1/15=7%
#  recipe to execute (from 'Makefile', line 45):
	-mkdir obj
	$(CC) $(CXXFLAGS) -o $@ -c $<

clean:
#  Phony target (prerequisite of .PHONY).
#  Implicit rule search has not been done.
#  File does not exist.
#  File has not been updated.
#  recipe to execute (from 'Makefile', line 52):
	$(RM) $(DELOBJ) $(DEP) $(APPNAME)
	

# Not a target:
obj/init.o:
#  Implicit rule search has not been done.
#  Modification time never checked.
#  File has not been updated.

# Not a target:
obj/event.o:
#  Implicit rule search has not been done.
#  Modification time never checked.
#  File has not been updated.

# Not a target:
obj/character.o:
#  Implicit rule search has not been done.
#  Modification time never checked.
#  File has not been updated.

# Not a target:
obj/config.o:
#  Implicit rule search has not been done.
#  Modification time never checked.
#  File has not been updated.

# Not a target:
obj/enemy.o:
#  Implicit rule search has not been done.
#  Modification time never checked.
#  File has not been updated.

# files hash-table stats:
# Load=28/1024=3%, Rehash=0, Collisions=0/72=0%
# VPATH Search Paths

# No 'vpath' search paths.

# No general ('VPATH' variable) search path.

# strcache buffers: 1 (0) / strings = 71 / storage = 687 B / avg = 9 B
# current buf: size = 8162 B / used = 687 B / count = 71 / avg = 9 B

# strcache performance: lookups = 99 / hit rate = 28%
# hash-table stats:
# Load=71/8192=1%, Rehash=0, Collisions=2/99=2%
# Finished Make data base on Fri Apr 29 06:26:16 2022

 
